<?xml version="1.0" encoding="UTF-8"?>
<testsuite name="com.leetcode.leetcode_push.LeetcodePushApplicationTests" tests="1" skipped="0" failures="0" errors="0" timestamp="2024-01-08T09:43:45" hostname="DONGHA-GRAM" time="0.687">
  <properties/>
  <testcase name="contextLoads()" classname="com.leetcode.leetcode_push.LeetcodePushApplicationTests" time="0.687"/>
  <system-out><![CDATA[18:43:43.510 [Test worker] INFO org.springframework.test.context.support.AnnotationConfigContextLoaderUtils -- Could not detect default configuration classes for test class [com.leetcode.leetcode_push.LeetcodePushApplicationTests]: LeetcodePushApplicationTests does not declare any static, non-private, non-final, nested classes annotated with @Configuration.
18:43:43.597 [Test worker] INFO org.springframework.boot.test.context.SpringBootTestContextBootstrapper -- Found @SpringBootConfiguration com.leetcode.leetcode_push.LeetcodePushApplication for test class com.leetcode.leetcode_push.LeetcodePushApplicationTests

  .   ____          _            __ _ _
 /\\ / ___'_ __ _ _(_)_ __  __ _ \ \ \ \
( ( )\___ | '_ | '_| | '_ \/ _` | \ \ \ \
 \\/  ___)| |_)| | | | | || (_| |  ) ) ) )
  '  |____| .__|_| |_|_| |_\__, | / / / /
 =========|_|==============|___/=/_/_/_/
 :: Spring Boot ::                (v3.1.7)

2024-01-08T18:43:44.010+09:00  INFO 8940 --- [    Test worker] c.l.l.LeetcodePushApplicationTests       : Starting LeetcodePushApplicationTests using Java 17.0.9 with PID 8940 (started by gram in C:\Users\gram\Desktop\res\gitArchive\leetcode_push)
2024-01-08T18:43:44.012+09:00  INFO 8940 --- [    Test worker] c.l.l.LeetcodePushApplicationTests       : No active profile set, falling back to 1 default profile: "default"
2024-01-08T18:43:45.309+09:00  INFO 8940 --- [    Test worker] c.l.l.LeetcodePushApplicationTests       : Started LeetcodePushApplicationTests in 1.559 seconds (process running for 2.721)
]]></system-out>
  <system-err><![CDATA[]]></system-err>
</testsuite>
